<?xml version="1.0" encoding="UTF-8"?>
<testng-results skipped="0" failed="0" ignored="0" total="1" passed="1">
  <reporter-output>
  </reporter-output>
  <suite name="Default suite" duration-ms="9979" started-at="2022-05-21T02:32:03Z" finished-at="2022-05-21T02:32:13Z">
    <groups>
      <group name="cucumber">
        <method signature="AbstractTestNGCucumberTests.feature(cucumber.api.testng.CucumberFeatureWrapper)[pri:0, instance:com.projectteamfortune.TestRunner.TestNGTestRunner$TestRunner@29f69090]" name="feature" class="cucumber.api.testng.AbstractTestNGCucumberTests"/>
      </group> <!-- cucumber -->
    </groups>
    <test name="Default test" duration-ms="9979" started-at="2022-05-21T02:32:03Z" finished-at="2022-05-21T02:32:13Z">
      <class name="com.projectteamfortune.TestRunner.TestNGTestRunner$TestRunner">
        <test-method status="PASS" signature="setUpClass()[pri:0, instance:com.projectteamfortune.TestRunner.TestNGTestRunner$TestRunner@29f69090]" name="setUpClass" is-config="true" duration-ms="132" started-at="2022-05-20T22:32:03Z" finished-at="2022-05-20T22:32:04Z">
          <reporter-output>
          </reporter-output>
        </test-method> <!-- setUpClass -->
        <test-method status="PASS" signature="feature(cucumber.api.testng.CucumberFeatureWrapper)[pri:0, instance:com.projectteamfortune.TestRunner.TestNGTestRunner$TestRunner@29f69090]" name="feature" duration-ms="9779" started-at="2022-05-20T22:32:04Z" description="Runs Cucumber Feature" data-provider="features" finished-at="2022-05-20T22:32:13Z">
          <params>
            <param index="0">
              <value>
                <![CDATA[user want to visit dell web page and verify search]]>
              </value>
            </param>
          </params>
          <reporter-output>
          </reporter-output>
        </test-method> <!-- feature -->
        <test-method status="PASS" signature="tearDownClass()[pri:0, instance:com.projectteamfortune.TestRunner.TestNGTestRunner$TestRunner@29f69090]" name="tearDownClass" is-config="true" duration-ms="3" started-at="2022-05-20T22:32:13Z" finished-at="2022-05-20T22:32:13Z">
          <reporter-output>
          </reporter-output>
        </test-method> <!-- tearDownClass -->
      </class> <!-- com.projectteamfortune.TestRunner.TestNGTestRunner$TestRunner -->
    </test> <!-- Default test -->
  </suite> <!-- Default suite -->
</testng-results>
